2023-04-03 01:09:12.077913 - Initialized conversion of CBT558
2023-04-03 01:09:15.712560 - Received CBT.V504.FILE558.PDS from FILE558.XMI 
2023-04-03 01:09:15.715910 - Found $$$#DATE.txt (text/plain) in CBT.V504.FILE558.PDS, moved to PDS/$$$#DATE
2023-04-03 01:09:15.717123 - Found $$NOTE00.txt (text/plain) in CBT.V504.FILE558.PDS, moved to PDS/$$NOTE00
2023-04-03 01:09:15.718542 - Found $$NOTE1.txt (text/plain) in CBT.V504.FILE558.PDS, moved to PDS/$$NOTE1
2023-04-03 01:09:15.719921 - Found $$NOTE2.txt (text/plain) in CBT.V504.FILE558.PDS, moved to PDS/$$NOTE2
2023-04-03 01:09:15.721032 - Found $$NOTE3.txt (text/plain) in CBT.V504.FILE558.PDS, moved to PDS/$$NOTE3
2023-04-03 01:09:15.722225 - Found $$NOTE4.txt (text/plain) in CBT.V504.FILE558.PDS, moved to PDS/$$NOTE4
2023-04-03 01:09:15.723205 - Found $$README.txt (text/plain) in CBT.V504.FILE558.PDS, moved to PDS/$$README
2023-04-03 01:09:15.724292 - Found $COMMAND.txt (text/plain) in CBT.V504.FILE558.PDS, moved to PDS/$COMMAND
2023-04-03 01:09:15.724303 - Found $MACLIB.bin containing application/octet-stream, moved to PDS/$MACLIB
2023-04-03 01:09:15.725941 - Found $MACLIB2.bin containing application/octet-stream, moved to PDS/$MACLIB2
2023-04-03 01:09:15.729724 - Found @FILE558.txt (text/plain) in CBT.V504.FILE558.PDS, moved to PDS/@FILE558
2023-04-03 01:09:15.730752 - Found ABAL.txt (text/plain) in CBT.V504.FILE558.PDS, moved to PDS/ABAL
2023-04-03 01:09:15.731865 - Found ABDUMP.txt (text/plain) in CBT.V504.FILE558.PDS, moved to PDS/ABDUMP
2023-04-03 01:09:15.732953 - Found ABENDJOB.txt (text/plain) in CBT.V504.FILE558.PDS, moved to PDS/ABENDJOB
2023-04-03 01:09:15.733955 - Found ABEND878.txt (text/plain) in CBT.V504.FILE558.PDS, moved to PDS/ABEND878
2023-04-03 01:09:15.734990 - Found ALIAS.txt (text/plain) in CBT.V504.FILE558.PDS, moved to PDS/ALIAS
2023-04-03 01:09:15.736241 - Found ALIASES.txt (text/plain) in CBT.V504.FILE558.PDS, moved to PDS/ALIASES
2023-04-03 01:09:15.737308 - Found ALIAS2.txt (text/plain) in CBT.V504.FILE558.PDS, moved to PDS/ALIAS2
2023-04-03 01:09:15.738431 - Found ALLDSNS.txt (text/plain) in CBT.V504.FILE558.PDS, moved to PDS/ALLDSNS
2023-04-03 01:09:15.739925 - Found ALLOCDYN.txt (text/plain) in CBT.V504.FILE558.PDS, moved to PDS/ALLOCDYN
2023-04-03 01:09:15.740992 - Found ARCHVDMP.txt (text/plain) in CBT.V504.FILE558.PDS, moved to PDS/ARCHVDMP
2023-04-03 01:09:15.742012 - Found ASCBLIST.txt (text/plain) in CBT.V504.FILE558.PDS, moved to PDS/ASCBLIST
2023-04-03 01:09:15.743097 - Found ASC2EBCD.txt (text/plain) in CBT.V504.FILE558.PDS, moved to PDS/ASC2EBCD
2023-04-03 01:09:15.744153 - Found ASMMAIN.txt (text/plain) in CBT.V504.FILE558.PDS, moved to PDS/ASMMAIN
2023-04-03 01:09:15.745219 - Found ASMSUBD1.txt (text/plain) in CBT.V504.FILE558.PDS, moved to PDS/ASMSUBD1
2023-04-03 01:09:15.746218 - Found ASMSUBS1.txt (text/plain) in CBT.V504.FILE558.PDS, moved to PDS/ASMSUBS1
2023-04-03 01:09:15.747200 - Found ASM31SUB.txt (text/plain) in CBT.V504.FILE558.PDS, moved to PDS/ASM31SUB
2023-04-03 01:09:15.748401 - Found A31BIT.txt (text/plain) in CBT.V504.FILE558.PDS, moved to PDS/A31BIT
2023-04-03 01:09:15.749516 - Found BAGETE.txt (text/plain) in CBT.V504.FILE558.PDS, moved to PDS/BAGETE
2023-04-03 01:09:15.750811 - Found BLDCNTL.txt (text/plain) in CBT.V504.FILE558.PDS, moved to PDS/BLDCNTL
2023-04-03 01:09:15.752001 - Found BUILDTBL.txt (text/plain) in CBT.V504.FILE558.PDS, moved to PDS/BUILDTBL
2023-04-03 01:09:15.752990 - Found CALLGND2.txt (text/plain) in CBT.V504.FILE558.PDS, moved to PDS/CALLGND2
2023-04-03 01:09:15.753890 - Found CALLGND3.txt (text/plain) in CBT.V504.FILE558.PDS, moved to PDS/CALLGND3
2023-04-03 01:09:15.754871 - Found CALLPDSR.txt (text/plain) in CBT.V504.FILE558.PDS, moved to PDS/CALLPDSR
2023-04-03 01:09:15.756066 - Found CALLQIO1.txt (text/plain) in CBT.V504.FILE558.PDS, moved to PDS/CALLQIO1
2023-04-03 01:09:15.757043 - Found CALLQIO2.txt (text/plain) in CBT.V504.FILE558.PDS, moved to PDS/CALLQIO2
2023-04-03 01:09:15.758291 - Found CALLRDLM.txt (text/plain) in CBT.V504.FILE558.PDS, moved to PDS/CALLRDLM
2023-04-03 01:09:15.759222 - Found CALL095.txt (text/plain) in CBT.V504.FILE558.PDS, moved to PDS/CALL095
2023-04-03 01:09:15.760413 - Found CAMLST.txt (text/plain) in CBT.V504.FILE558.PDS, moved to PDS/CAMLST
2023-04-03 01:09:15.761349 - Found CATALOGD.txt (text/plain) in CBT.V504.FILE558.PDS, moved to PDS/CATALOGD
2023-04-03 01:09:15.762309 - Found CATLGLST.txt (text/plain) in CBT.V504.FILE558.PDS, moved to PDS/CATLGLST
2023-04-03 01:09:15.763230 - Found CBRAKETS.txt (text/plain) in CBT.V504.FILE558.PDS, moved to PDS/CBRAKETS
2023-04-03 01:09:15.764303 - Found CHECKVBS.txt (text/plain) in CBT.V504.FILE558.PDS, moved to PDS/CHECKVBS
2023-04-03 01:09:15.765210 - Found CHGDDNM0.txt (text/plain) in CBT.V504.FILE558.PDS, moved to PDS/CHGDDNM0
2023-04-03 01:09:15.766126 - Found CHGJOBCD.txt (text/plain) in CBT.V504.FILE558.PDS, moved to PDS/CHGJOBCD
2023-04-03 01:09:15.767072 - Found CHGJOBNM.txt (text/plain) in CBT.V504.FILE558.PDS, moved to PDS/CHGJOBNM
2023-04-03 01:09:15.768522 - Found CHGUNIT.txt (text/plain) in CBT.V504.FILE558.PDS, moved to PDS/CHGUNIT
2023-04-03 01:09:15.769741 - Found CHKVOLS.txt (text/plain) in CBT.V504.FILE558.PDS, moved to PDS/CHKVOLS
2023-04-03 01:09:15.771036 - Found CHRCOPY.txt (text/plain) in CBT.V504.FILE558.PDS, moved to PDS/CHRCOPY
2023-04-03 01:09:15.772337 - Found CHRDUMP.txt (text/plain) in CBT.V504.FILE558.PDS, moved to PDS/CHRDUMP
2023-04-03 01:09:15.773247 - Found CICSSCAN.txt (text/plain) in CBT.V504.FILE558.PDS, moved to PDS/CICSSCAN
2023-04-03 01:09:15.774116 - Found CLISTMON.txt (text/plain) in CBT.V504.FILE558.PDS, moved to PDS/CLISTMON
2023-04-03 01:09:15.775044 - Found CLONETAP.txt (text/plain) in CBT.V504.FILE558.PDS, moved to PDS/CLONETAP
2023-04-03 01:09:15.776017 - Found CLRSCN.txt (text/plain) in CBT.V504.FILE558.PDS, moved to PDS/CLRSCN
2023-04-03 01:09:15.776883 - Found CMPRDIR.txt (text/plain) in CBT.V504.FILE558.PDS, moved to PDS/CMPRDIR
2023-04-03 01:09:15.777724 - Found COBABEND.txt (text/plain) in CBT.V504.FILE558.PDS, moved to PDS/COBABEND
2023-04-03 01:09:15.778611 - Found COBLSETY.txt (text/plain) in CBT.V504.FILE558.PDS, moved to PDS/COBLSETY
2023-04-03 01:09:15.779667 - Found COBLSUBR.txt (text/plain) in CBT.V504.FILE558.PDS, moved to PDS/COBLSUBR
2023-04-03 01:09:15.780745 - Found COBLTYPE.txt (text/plain) in CBT.V504.FILE558.PDS, moved to PDS/COBLTYPE
2023-04-03 01:09:15.781775 - Found COBLTYP2.txt (text/plain) in CBT.V504.FILE558.PDS, moved to PDS/COBLTYP2
2023-04-03 01:09:15.782882 - Found COBRDLST.txt (text/plain) in CBT.V504.FILE558.PDS, moved to PDS/COBRDLST
2023-04-03 01:09:15.784120 - Found COBREAD.txt (text/plain) in CBT.V504.FILE558.PDS, moved to PDS/COBREAD
2023-04-03 01:09:15.785417 - Found COBSUBEM.txt (text/plain) in CBT.V504.FILE558.PDS, moved to PDS/COBSUBEM
2023-04-03 01:09:15.786679 - Found COB2ASM.txt (text/plain) in CBT.V504.FILE558.PDS, moved to PDS/COB2ASM
2023-04-03 01:09:15.787948 - Found COB2EP.txt (text/plain) in CBT.V504.FILE558.PDS, moved to PDS/COB2EP
2023-04-03 01:09:15.789019 - Found COB2MAIN.txt (text/plain) in CBT.V504.FILE558.PDS, moved to PDS/COB2MAIN
2023-04-03 01:09:15.790092 - Found COB2TGT.txt (text/plain) in CBT.V504.FILE558.PDS, moved to PDS/COB2TGT
2023-04-03 01:09:15.791181 - Found COMPARE.txt (text/plain) in CBT.V504.FILE558.PDS, moved to PDS/COMPARE
2023-04-03 01:09:15.792200 - Found COMPASM.txt (text/plain) in CBT.V504.FILE558.PDS, moved to PDS/COMPASM
2023-04-03 01:09:15.793118 - Found COMPCBL.txt (text/plain) in CBT.V504.FILE558.PDS, moved to PDS/COMPCBL
2023-04-03 01:09:15.794038 - Found COMPRMEM.txt (text/plain) in CBT.V504.FILE558.PDS, moved to PDS/COMPRMEM
2023-04-03 01:09:15.795043 - Found CONCAT.txt (text/plain) in CBT.V504.FILE558.PDS, moved to PDS/CONCAT
2023-04-03 01:09:15.795972 - Found COPY.txt (text/plain) in CBT.V504.FILE558.PDS, moved to PDS/COPY
2023-04-03 01:09:15.796859 - Found COPYDUMP.txt (text/plain) in CBT.V504.FILE558.PDS, moved to PDS/COPYDUMP
2023-04-03 01:09:15.797799 - Found COPYMULT.txt (text/plain) in CBT.V504.FILE558.PDS, moved to PDS/COPYMULT
2023-04-03 01:09:15.798761 - Found COPYNUM.txt (text/plain) in CBT.V504.FILE558.PDS, moved to PDS/COPYNUM
2023-04-03 01:09:15.799748 - Found COPYV.txt (text/plain) in CBT.V504.FILE558.PDS, moved to PDS/COPYV
2023-04-03 01:09:15.800734 - Found COUNTREC.txt (text/plain) in CBT.V504.FILE558.PDS, moved to PDS/COUNTREC
2023-04-03 01:09:15.801668 - Found CPUID.txt (text/plain) in CBT.V504.FILE558.PDS, moved to PDS/CPUID
2023-04-03 01:09:15.802588 - Found CSECTLST.txt (text/plain) in CBT.V504.FILE558.PDS, moved to PDS/CSECTLST
2023-04-03 01:09:15.803679 - Found CSECTMCH.txt (text/plain) in CBT.V504.FILE558.PDS, moved to PDS/CSECTMCH
2023-04-03 01:09:15.804752 - Found CSECTMRG.txt (text/plain) in CBT.V504.FILE558.PDS, moved to PDS/CSECTMRG
2023-04-03 01:09:15.805670 - Found CTLGLIST.txt (text/plain) in CBT.V504.FILE558.PDS, moved to PDS/CTLGLIST
2023-04-03 01:09:15.806568 - Found CURRDATE.txt (text/plain) in CBT.V504.FILE558.PDS, moved to PDS/CURRDATE
2023-04-03 01:09:15.807482 - Found CURRVOL.txt (text/plain) in CBT.V504.FILE558.PDS, moved to PDS/CURRVOL
2023-04-03 01:09:15.808590 - Found CVTCLIST.txt (text/plain) in CBT.V504.FILE558.PDS, moved to PDS/CVTCLIST
2023-04-03 01:09:15.809487 - Found DDLIST.txt (text/plain) in CBT.V504.FILE558.PDS, moved to PDS/DDLIST
2023-04-03 01:09:15.810364 - Found DELEJSPC.txt (text/plain) in CBT.V504.FILE558.PDS, moved to PDS/DELEJSPC
2023-04-03 01:09:15.811278 - Found DESERV.txt (text/plain) in CBT.V504.FILE558.PDS, moved to PDS/DESERV
2023-04-03 01:09:15.812377 - Found DISASM0.txt (text/plain) in CBT.V504.FILE558.PDS, moved to PDS/DISASM0
2023-04-03 01:09:15.813488 - Found DISASM1.txt (text/plain) in CBT.V504.FILE558.PDS, moved to PDS/DISASM1
2023-04-03 01:09:15.814954 - Found DISASM2.txt (text/plain) in CBT.V504.FILE558.PDS, moved to PDS/DISASM2
2023-04-03 01:09:15.816031 - Found DISASM99.txt (text/plain) in CBT.V504.FILE558.PDS, moved to PDS/DISASM99
2023-04-03 01:09:15.817100 - Found DISKCTLG.txt (text/plain) in CBT.V504.FILE558.PDS, moved to PDS/DISKCTLG
2023-04-03 01:09:15.818109 - Found DISTEST.txt (text/plain) in CBT.V504.FILE558.PDS, moved to PDS/DISTEST
2023-04-03 01:09:15.819199 - Found DLITCBL.txt (text/plain) in CBT.V504.FILE558.PDS, moved to PDS/DLITCBL
2023-04-03 01:09:15.820180 - Found DSNUPDAT.txt (text/plain) in CBT.V504.FILE558.PDS, moved to PDS/DSNUPDAT
2023-04-03 01:09:15.821193 - Found DSNVOLS.txt (text/plain) in CBT.V504.FILE558.PDS, moved to PDS/DSNVOLS
2023-04-03 01:09:15.822275 - Found DUMP.txt (text/plain) in CBT.V504.FILE558.PDS, moved to PDS/DUMP
2023-04-03 01:09:15.823420 - Found DUMPFIL.txt (text/plain) in CBT.V504.FILE558.PDS, moved to PDS/DUMPFIL
2023-04-03 01:09:15.824404 - Found DUMPSTOR.txt (text/plain) in CBT.V504.FILE558.PDS, moved to PDS/DUMPSTOR
2023-04-03 01:09:15.825348 - Found DUPLMEMB.txt (text/plain) in CBT.V504.FILE558.PDS, moved to PDS/DUPLMEMB
2023-04-03 01:09:15.826249 - Found DYNALLOC.txt (text/plain) in CBT.V504.FILE558.PDS, moved to PDS/DYNALLOC
2023-04-03 01:09:15.827182 - Found DYNERRS.txt (text/plain) in CBT.V504.FILE558.PDS, moved to PDS/DYNERRS
2023-04-03 01:09:15.828205 - Found EASTER.txt (text/plain) in CBT.V504.FILE558.PDS, moved to PDS/EASTER
2023-04-03 01:09:15.829229 - Found EBCD2ASC.txt (text/plain) in CBT.V504.FILE558.PDS, moved to PDS/EBCD2ASC
2023-04-03 01:09:15.830249 - Found EDGESTRP.txt (text/plain) in CBT.V504.FILE558.PDS, moved to PDS/EDGESTRP
2023-04-03 01:09:15.831299 - Found ENDVDATA.txt (text/plain) in CBT.V504.FILE558.PDS, moved to PDS/ENDVDATA
2023-04-03 01:09:15.832397 - Found ENDVFILE.txt (text/plain) in CBT.V504.FILE558.PDS, moved to PDS/ENDVFILE
2023-04-03 01:09:15.833481 - Found ENDVFLCK.txt (text/plain) in CBT.V504.FILE558.PDS, moved to PDS/ENDVFLCK
2023-04-03 01:09:15.834405 - Found ENDVMTCH.txt (text/plain) in CBT.V504.FILE558.PDS, moved to PDS/ENDVMTCH
2023-04-03 01:09:15.835443 - Found ENDVREFM.txt (text/plain) in CBT.V504.FILE558.PDS, moved to PDS/ENDVREFM
2023-04-03 01:09:15.836524 - Found ENDVSTRP.txt (text/plain) in CBT.V504.FILE558.PDS, moved to PDS/ENDVSTRP
2023-04-03 01:09:15.837560 - Found ENQLIST.txt (text/plain) in CBT.V504.FILE558.PDS, moved to PDS/ENQLIST
2023-04-03 01:09:15.838552 - Found EXCHANGE.txt (text/plain) in CBT.V504.FILE558.PDS, moved to PDS/EXCHANGE
2023-04-03 01:09:15.839554 - Found EXCPIO.txt (text/plain) in CBT.V504.FILE558.PDS, moved to PDS/EXCPIO
2023-04-03 01:09:15.840550 - Found EXCPSEQF.txt (text/plain) in CBT.V504.FILE558.PDS, moved to PDS/EXCPSEQF
2023-04-03 01:09:15.841469 - Found EXCPTAPE.txt (text/plain) in CBT.V504.FILE558.PDS, moved to PDS/EXCPTAPE
2023-04-03 01:09:15.842331 - Found EXIT.txt (text/plain) in CBT.V504.FILE558.PDS, moved to PDS/EXIT
2023-04-03 01:09:15.843535 - Found EXTSYMS.txt (text/plain) in CBT.V504.FILE558.PDS, moved to PDS/EXTSYMS
2023-04-03 01:09:15.844484 - Found FILES.txt (text/plain) in CBT.V504.FILE558.PDS, moved to PDS/FILES
2023-04-03 01:09:15.845511 - Found FINDCALL.txt (text/plain) in CBT.V504.FILE558.PDS, moved to PDS/FINDCALL
2023-04-03 01:09:15.846531 - Found FINDCONT.txt (text/plain) in CBT.V504.FILE558.PDS, moved to PDS/FINDCONT
2023-04-03 01:09:15.847583 - Found FINDDSN.txt (text/plain) in CBT.V504.FILE558.PDS, moved to PDS/FINDDSN
2023-04-03 01:09:15.848717 - Found FINDLDM.txt (text/plain) in CBT.V504.FILE558.PDS, moved to PDS/FINDLDM
2023-04-03 01:09:15.849984 - Found FINDMAC.txt (text/plain) in CBT.V504.FILE558.PDS, moved to PDS/FINDMAC
2023-04-03 01:09:15.850902 - Found FINDPGM.txt (text/plain) in CBT.V504.FILE558.PDS, moved to PDS/FINDPGM
2023-04-03 01:09:15.851957 - Found FINDSTRG.txt (text/plain) in CBT.V504.FILE558.PDS, moved to PDS/FINDSTRG
2023-04-03 01:09:15.853064 - Found FINDSUBR.txt (text/plain) in CBT.V504.FILE558.PDS, moved to PDS/FINDSUBR
2023-04-03 01:09:15.854205 - Found FNDALLMC.txt (text/plain) in CBT.V504.FILE558.PDS, moved to PDS/FNDALLMC
2023-04-03 01:09:15.855454 - Found FNDMACRO.txt (text/plain) in CBT.V504.FILE558.PDS, moved to PDS/FNDMACRO
2023-04-03 01:09:15.856495 - Found FREEPOOL.txt (text/plain) in CBT.V504.FILE558.PDS, moved to PDS/FREEPOOL
2023-04-03 01:09:15.857575 - Found GENDATES.txt (text/plain) in CBT.V504.FILE558.PDS, moved to PDS/GENDATES
2023-04-03 01:09:15.858576 - Found GENLDAT2.txt (text/plain) in CBT.V504.FILE558.PDS, moved to PDS/GENLDAT2
2023-04-03 01:09:15.859549 - Found GETDCB.txt (text/plain) in CBT.V504.FILE558.PDS, moved to PDS/GETDCB
2023-04-03 01:09:15.860567 - Found GETDSNVL.txt (text/plain) in CBT.V504.FILE558.PDS, moved to PDS/GETDSNVL
2023-04-03 01:09:15.861527 - Found GETGDG.txt (text/plain) in CBT.V504.FILE558.PDS, moved to PDS/GETGDG
2023-04-03 01:09:15.862469 - Found GETOWNER.txt (text/plain) in CBT.V504.FILE558.PDS, moved to PDS/GETOWNER
2023-04-03 01:09:15.863424 - Found GETOWNR2.txt (text/plain) in CBT.V504.FILE558.PDS, moved to PDS/GETOWNR2
2023-04-03 01:09:15.864347 - Found GETSMF.txt (text/plain) in CBT.V504.FILE558.PDS, moved to PDS/GETSMF
2023-04-03 01:09:15.865265 - Found GETSYSID.txt (text/plain) in CBT.V504.FILE558.PDS, moved to PDS/GETSYSID
2023-04-03 01:09:15.866165 - Found GETVOLS.txt (text/plain) in CBT.V504.FILE558.PDS, moved to PDS/GETVOLS
2023-04-03 01:09:15.867213 - Found GETVOLUM.txt (text/plain) in CBT.V504.FILE558.PDS, moved to PDS/GETVOLUM
2023-04-03 01:09:15.868698 - Found GETVSAM.txt (text/plain) in CBT.V504.FILE558.PDS, moved to PDS/GETVSAM
2023-04-03 01:09:15.869748 - Found GMABOVE.txt (text/plain) in CBT.V504.FILE558.PDS, moved to PDS/GMABOVE
2023-04-03 01:09:15.870877 - Found GTRANDOM.txt (text/plain) in CBT.V504.FILE558.PDS, moved to PDS/GTRANDOM
2023-04-03 01:09:15.871916 - Found HEX2ASKY.txt (text/plain) in CBT.V504.FILE558.PDS, moved to PDS/HEX2ASKY
2023-04-03 01:09:15.872846 - Found HEX2PDEC.txt (text/plain) in CBT.V504.FILE558.PDS, moved to PDS/HEX2PDEC
2023-04-03 01:09:15.873818 - Found IEFSD095.txt (text/plain) in CBT.V504.FILE558.PDS, moved to PDS/IEFSD095
2023-04-03 01:09:15.874839 - Found IEWBTEST.txt (text/plain) in CBT.V504.FILE558.PDS, moved to PDS/IEWBTEST
2023-04-03 01:09:15.875915 - Found IEWBUFF.txt (text/plain) in CBT.V504.FILE558.PDS, moved to PDS/IEWBUFF
2023-04-03 01:09:15.876909 - Found IEWBUFFE.txt (text/plain) in CBT.V504.FILE558.PDS, moved to PDS/IEWBUFFE
2023-04-03 01:09:15.878032 - Found IEWBUFFM.txt (text/plain) in CBT.V504.FILE558.PDS, moved to PDS/IEWBUFFM
2023-04-03 01:09:15.878964 - Found IEWBUFFN.txt (text/plain) in CBT.V504.FILE558.PDS, moved to PDS/IEWBUFFN
2023-04-03 01:09:15.879969 - Found IEWBUFFP.txt (text/plain) in CBT.V504.FILE558.PDS, moved to PDS/IEWBUFFP
2023-04-03 01:09:15.880962 - Found IEWBUFFR.txt (text/plain) in CBT.V504.FILE558.PDS, moved to PDS/IEWBUFFR
2023-04-03 01:09:15.881853 - Found IEWBUFFS.txt (text/plain) in CBT.V504.FILE558.PDS, moved to PDS/IEWBUFFS
2023-04-03 01:09:15.882797 - Found IEWBUFFT.txt (text/plain) in CBT.V504.FILE558.PDS, moved to PDS/IEWBUFFT
2023-04-03 01:09:15.883857 - Found IEWBUFFX.txt (text/plain) in CBT.V504.FILE558.PDS, moved to PDS/IEWBUFFX
2023-04-03 01:09:15.884990 - Found IEWBUFIB.txt (text/plain) in CBT.V504.FILE558.PDS, moved to PDS/IEWBUFIB
2023-04-03 01:09:15.885949 - Found IEWBUFIL.txt (text/plain) in CBT.V504.FILE558.PDS, moved to PDS/IEWBUFIL
2023-04-03 01:09:15.887068 - Found IEWBUFIU.txt (text/plain) in CBT.V504.FILE558.PDS, moved to PDS/IEWBUFIU
2023-04-03 01:09:15.888008 - Found IEWBUFIZ.txt (text/plain) in CBT.V504.FILE558.PDS, moved to PDS/IEWBUFIZ
2023-04-03 01:09:15.889032 - Found IGC0024C.txt (text/plain) in CBT.V504.FILE558.PDS, moved to PDS/IGC0024C
2023-04-03 01:09:15.890052 - Found IGGCSILC.txt (text/plain) in CBT.V504.FILE558.PDS, moved to PDS/IGGCSILC
2023-04-03 01:09:15.891125 - Found IGGCSI00.txt (text/plain) in CBT.V504.FILE558.PDS, moved to PDS/IGGCSI00
2023-04-03 01:09:15.892099 - Found ILBCHECK.txt (text/plain) in CBT.V504.FILE558.PDS, moved to PDS/ILBCHECK
2023-04-03 01:09:15.893240 - Found IL10STRP.txt (text/plain) in CBT.V504.FILE558.PDS, moved to PDS/IL10STRP
2023-04-03 01:09:15.894255 - Found INIT.txt (text/plain) in CBT.V504.FILE558.PDS, moved to PDS/INIT
2023-04-03 01:09:15.895297 - Found INQ500FE.txt (text/plain) in CBT.V504.FILE558.PDS, moved to PDS/INQ500FE
2023-04-03 01:09:15.896278 - Found INVKSORT.txt (text/plain) in CBT.V504.FILE558.PDS, moved to PDS/INVKSORT
2023-04-03 01:09:15.897405 - Found IXVTOC.txt (text/plain) in CBT.V504.FILE558.PDS, moved to PDS/IXVTOC
2023-04-03 01:09:15.898571 - Found JCLMODS.txt (text/plain) in CBT.V504.FILE558.PDS, moved to PDS/JCLMODS
2023-04-03 01:09:15.899770 - Found JCLSCAN.txt (text/plain) in CBT.V504.FILE558.PDS, moved to PDS/JCLSCAN
2023-04-03 01:09:15.900798 - Found JCLSCAN2.txt (text/plain) in CBT.V504.FILE558.PDS, moved to PDS/JCLSCAN2
2023-04-03 01:09:15.902064 - Found JOBINFO.txt (text/plain) in CBT.V504.FILE558.PDS, moved to PDS/JOBINFO
2023-04-03 01:09:15.903127 - Found LDMDVER.txt (text/plain) in CBT.V504.FILE558.PDS, moved to PDS/LDMDVER
2023-04-03 01:09:15.904317 - Found LIBPRNT.txt (text/plain) in CBT.V504.FILE558.PDS, moved to PDS/LIBPRNT
2023-04-03 01:09:15.905506 - Found LISTPSWD.txt (text/plain) in CBT.V504.FILE558.PDS, moved to PDS/LISTPSWD
2023-04-03 01:09:15.906541 - Found LISTVOLS.txt (text/plain) in CBT.V504.FILE558.PDS, moved to PDS/LISTVOLS
2023-04-03 01:09:15.907630 - Found LKEDANAL.txt (text/plain) in CBT.V504.FILE558.PDS, moved to PDS/LKEDANAL
2023-04-03 01:09:15.908691 - Found LKEDCTL2.txt (text/plain) in CBT.V504.FILE558.PDS, moved to PDS/LKEDCTL2
2023-04-03 01:09:15.909652 - Found LKEDMODS.txt (text/plain) in CBT.V504.FILE558.PDS, moved to PDS/LKEDMODS
2023-04-03 01:09:15.910770 - Found LMODCHEK.txt (text/plain) in CBT.V504.FILE558.PDS, moved to PDS/LMODCHEK
2023-04-03 01:09:15.911813 - Found LMODHIST.txt (text/plain) in CBT.V504.FILE558.PDS, moved to PDS/LMODHIST
2023-04-03 01:09:15.912937 - Found LMODREAD.txt (text/plain) in CBT.V504.FILE558.PDS, moved to PDS/LMODREAD
2023-04-03 01:09:15.913949 - Found LOADDIR.txt (text/plain) in CBT.V504.FILE558.PDS, moved to PDS/LOADDIR
2023-04-03 01:09:15.914980 - Found LOCDSNS.txt (text/plain) in CBT.V504.FILE558.PDS, moved to PDS/LOCDSNS
2023-04-03 01:09:15.916073 - Found LOGREC.txt (text/plain) in CBT.V504.FILE558.PDS, moved to PDS/LOGREC
2023-04-03 01:09:15.917156 - Found LSTVTOC1.txt (text/plain) in CBT.V504.FILE558.PDS, moved to PDS/LSTVTOC1
2023-04-03 01:09:15.918270 - Found LSTVTOC2.txt (text/plain) in CBT.V504.FILE558.PDS, moved to PDS/LSTVTOC2
2023-04-03 01:09:15.919388 - Found LSTVTOC3.txt (text/plain) in CBT.V504.FILE558.PDS, moved to PDS/LSTVTOC3
2023-04-03 01:09:15.920356 - Found MACROEXP.txt (text/plain) in CBT.V504.FILE558.PDS, moved to PDS/MACROEXP
2023-04-03 01:09:15.921460 - Found MERGE.txt (text/plain) in CBT.V504.FILE558.PDS, moved to PDS/MERGE
2023-04-03 01:09:15.922547 - Found MERGE1A.txt (text/plain) in CBT.V504.FILE558.PDS, moved to PDS/MERGE1A
2023-04-03 01:09:15.923615 - Found MERGE1B.txt (text/plain) in CBT.V504.FILE558.PDS, moved to PDS/MERGE1B
2023-04-03 01:09:15.924639 - Found MERGE2.txt (text/plain) in CBT.V504.FILE558.PDS, moved to PDS/MERGE2
2023-04-03 01:09:15.925680 - Found MERGE3.txt (text/plain) in CBT.V504.FILE558.PDS, moved to PDS/MERGE3
2023-04-03 01:09:15.926675 - Found MERGMERG.txt (text/plain) in CBT.V504.FILE558.PDS, moved to PDS/MERGMERG
2023-04-03 01:09:15.927685 - Found MFCSIGNS.txt (text/plain) in CBT.V504.FILE558.PDS, moved to PDS/MFCSIGNS
2023-04-03 01:09:15.928719 - Found MODINFO.txt (text/plain) in CBT.V504.FILE558.PDS, moved to PDS/MODINFO
2023-04-03 01:09:15.929722 - Found MODPSWD.txt (text/plain) in CBT.V504.FILE558.PDS, moved to PDS/MODPSWD
2023-04-03 01:09:15.930753 - Found MODSCB.txt (text/plain) in CBT.V504.FILE558.PDS, moved to PDS/MODSCB
2023-04-03 01:09:15.931843 - Found MODSCB2.txt (text/plain) in CBT.V504.FILE558.PDS, moved to PDS/MODSCB2
2023-04-03 01:09:15.932861 - Found MODSCNDY.txt (text/plain) in CBT.V504.FILE558.PDS, moved to PDS/MODSCNDY
2023-04-03 01:09:15.933906 - Found MODULENG.txt (text/plain) in CBT.V504.FILE558.PDS, moved to PDS/MODULENG
2023-04-03 01:09:15.935081 - Found MODXREF.txt (text/plain) in CBT.V504.FILE558.PDS, moved to PDS/MODXREF
2023-04-03 01:09:15.936144 - Found MRG4WAY.txt (text/plain) in CBT.V504.FILE558.PDS, moved to PDS/MRG4WAY
2023-04-03 01:09:15.937250 - Found MSASMRPT.txt (text/plain) in CBT.V504.FILE558.PDS, moved to PDS/MSASMRPT
2023-04-03 01:09:15.938411 - Found MSMCHMST.txt (text/plain) in CBT.V504.FILE558.PDS, moved to PDS/MSMCHMST
2023-04-03 01:09:15.939559 - Found MSMCHRPT.txt (text/plain) in CBT.V504.FILE558.PDS, moved to PDS/MSMCHRPT
2023-04-03 01:09:15.940661 - Found MTCHMERG.txt (text/plain) in CBT.V504.FILE558.PDS, moved to PDS/MTCHMERG
2023-04-03 01:09:15.941698 - Found NOLIMIT.txt (text/plain) in CBT.V504.FILE558.PDS, moved to PDS/NOLIMIT
2023-04-03 01:09:15.942575 - Found NUMERCHK.txt (text/plain) in CBT.V504.FILE558.PDS, moved to PDS/NUMERCHK
2023-04-03 01:09:15.943735 - Found OPCODE.txt (text/plain) in CBT.V504.FILE558.PDS, moved to PDS/OPCODE
2023-04-03 01:09:15.944808 - Found PARSEASM.txt (text/plain) in CBT.V504.FILE558.PDS, moved to PDS/PARSEASM
2023-04-03 01:09:15.945899 - Found PDSCHECK.txt (text/plain) in CBT.V504.FILE558.PDS, moved to PDS/PDSCHECK
2023-04-03 01:09:15.946953 - Found PDSCLEAN.txt (text/plain) in CBT.V504.FILE558.PDS, moved to PDS/PDSCLEAN
2023-04-03 01:09:15.947981 - Found PDSCPYMB.txt (text/plain) in CBT.V504.FILE558.PDS, moved to PDS/PDSCPYMB
2023-04-03 01:09:15.949044 - Found PDSDIR.txt (text/plain) in CBT.V504.FILE558.PDS, moved to PDS/PDSDIR
2023-04-03 01:09:15.950086 - Found PDSDIRB.txt (text/plain) in CBT.V504.FILE558.PDS, moved to PDS/PDSDIRB
2023-04-03 01:09:15.951055 - Found PDSDIRC.txt (text/plain) in CBT.V504.FILE558.PDS, moved to PDS/PDSDIRC
2023-04-03 01:09:15.952089 - Found PDSDIRLN.txt (text/plain) in CBT.V504.FILE558.PDS, moved to PDS/PDSDIRLN
2023-04-03 01:09:15.953102 - Found PDSDIRX.txt (text/plain) in CBT.V504.FILE558.PDS, moved to PDS/PDSDIRX
2023-04-03 01:09:15.954014 - Found PDSDSN.txt (text/plain) in CBT.V504.FILE558.PDS, moved to PDS/PDSDSN
2023-04-03 01:09:15.954903 - Found PDSHIST.txt (text/plain) in CBT.V504.FILE558.PDS, moved to PDS/PDSHIST
2023-04-03 01:09:15.955943 - Found PDSINFO.txt (text/plain) in CBT.V504.FILE558.PDS, moved to PDS/PDSINFO
2023-04-03 01:09:15.957047 - Found PDSREAD.txt (text/plain) in CBT.V504.FILE558.PDS, moved to PDS/PDSREAD
2023-04-03 01:09:15.958053 - Found PDSVREPL.txt (text/plain) in CBT.V504.FILE558.PDS, moved to PDS/PDSVREPL
2023-04-03 01:09:15.959043 - Found PDSVUPDT.txt (text/plain) in CBT.V504.FILE558.PDS, moved to PDS/PDSVUPDT
2023-04-03 01:09:15.960148 - Found PGMTYPE.txt (text/plain) in CBT.V504.FILE558.PDS, moved to PDS/PGMTYPE
2023-04-03 01:09:15.961151 - Found PRINTDAE.txt (text/plain) in CBT.V504.FILE558.PDS, moved to PDS/PRINTDAE
2023-04-03 01:09:15.962091 - Found PRINTSUB.txt (text/plain) in CBT.V504.FILE558.PDS, moved to PDS/PRINTSUB
2023-04-03 01:09:15.963055 - Found PRNTMULT.txt (text/plain) in CBT.V504.FILE558.PDS, moved to PDS/PRNTMULT
2023-04-03 01:09:15.964122 - Found PROCSCAN.txt (text/plain) in CBT.V504.FILE558.PDS, moved to PDS/PROCSCAN
2023-04-03 01:09:15.965079 - Found PRTDSNH.txt (text/plain) in CBT.V504.FILE558.PDS, moved to PDS/PRTDSNH
2023-04-03 01:09:15.966031 - Found PRTPCH.txt (text/plain) in CBT.V504.FILE558.PDS, moved to PDS/PRTPCH
2023-04-03 01:09:15.967015 - Found PULLDUPS.txt (text/plain) in CBT.V504.FILE558.PDS, moved to PDS/PULLDUPS
2023-04-03 01:09:15.968129 - Found PULLGRPS.txt (text/plain) in CBT.V504.FILE558.PDS, moved to PDS/PULLGRPS
2023-04-03 01:09:15.969045 - Found QSAMIO.txt (text/plain) in CBT.V504.FILE558.PDS, moved to PDS/QSAMIO
2023-04-03 01:09:15.970106 - Found QWIKVTOC.txt (text/plain) in CBT.V504.FILE558.PDS, moved to PDS/QWIKVTOC
2023-04-03 01:09:15.971057 - Found RANDOM.txt (text/plain) in CBT.V504.FILE558.PDS, moved to PDS/RANDOM
2023-04-03 01:09:15.972102 - Found RCVRPDS.txt (text/plain) in CBT.V504.FILE558.PDS, moved to PDS/RCVRPDS
2023-04-03 01:09:15.973031 - Found RCVRVPDS.txt (text/plain) in CBT.V504.FILE558.PDS, moved to PDS/RCVRVPDS
2023-04-03 01:09:15.973936 - Found READDIR.txt (text/plain) in CBT.V504.FILE558.PDS, moved to PDS/READDIR
2023-04-03 01:09:15.974845 - Found READFMEM.txt (text/plain) in CBT.V504.FILE558.PDS, moved to PDS/READFMEM
2023-04-03 01:09:15.975922 - Found READLMOD.txt (text/plain) in CBT.V504.FILE558.PDS, moved to PDS/READLMOD
2023-04-03 01:09:15.977017 - Found READMEM.txt (text/plain) in CBT.V504.FILE558.PDS, moved to PDS/READMEM
2023-04-03 01:09:15.977962 - Found READMEMX.txt (text/plain) in CBT.V504.FILE558.PDS, moved to PDS/READMEMX
2023-04-03 01:09:15.978866 - Found READVMEM.txt (text/plain) in CBT.V504.FILE558.PDS, moved to PDS/READVMEM
2023-04-03 01:09:15.980098 - Found REBUILD.txt (text/plain) in CBT.V504.FILE558.PDS, moved to PDS/REBUILD
2023-04-03 01:09:15.981499 - Found REBUILD1.txt (text/plain) in CBT.V504.FILE558.PDS, moved to PDS/REBUILD1
2023-04-03 01:09:15.982424 - Found RENSCR.txt (text/plain) in CBT.V504.FILE558.PDS, moved to PDS/RENSCR
2023-04-03 01:09:15.983442 - Found REQU.txt (text/plain) in CBT.V504.FILE558.PDS, moved to PDS/REQU
2023-04-03 01:09:15.984503 - Found RESCHECK.txt (text/plain) in CBT.V504.FILE558.PDS, moved to PDS/RESCHECK
2023-04-03 01:09:15.985557 - Found RESCHEK.txt (text/plain) in CBT.V504.FILE558.PDS, moved to PDS/RESCHEK
2023-04-03 01:09:15.986518 - Found RESOURC$.txt (text/plain) in CBT.V504.FILE558.PDS, moved to PDS/RESOURC$
2023-04-03 01:09:15.987890 - Found RESOURCE.txt (text/plain) in CBT.V504.FILE558.PDS, moved to PDS/RESOURCE
2023-04-03 01:09:15.988951 - Found RMODE31.txt (text/plain) in CBT.V504.FILE558.PDS, moved to PDS/RMODE31
2023-04-03 01:09:15.989943 - Found SCANIMS.txt (text/plain) in CBT.V504.FILE558.PDS, moved to PDS/SCANIMS
2023-04-03 01:09:15.991061 - Found SCANLDM2.txt (text/plain) in CBT.V504.FILE558.PDS, moved to PDS/SCANLDM2
2023-04-03 01:09:15.992146 - Found SCANLMOD.txt (text/plain) in CBT.V504.FILE558.PDS, moved to PDS/SCANLMOD
2023-04-03 01:09:15.993149 - Found SCANPSVB.txt (text/plain) in CBT.V504.FILE558.PDS, moved to PDS/SCANPSVB
2023-04-03 01:09:15.994293 - Found SCANTEXT.txt (text/plain) in CBT.V504.FILE558.PDS, moved to PDS/SCANTEXT
2023-04-03 01:09:15.995337 - Found SCANTXT2.txt (text/plain) in CBT.V504.FILE558.PDS, moved to PDS/SCANTXT2
2023-04-03 01:09:15.996346 - Found SCANTXT3.txt (text/plain) in CBT.V504.FILE558.PDS, moved to PDS/SCANTXT3
2023-04-03 01:09:15.997367 - Found SCANVBL2.txt (text/plain) in CBT.V504.FILE558.PDS, moved to PDS/SCANVBL2
2023-04-03 01:09:15.998327 - Found SCANVRBL.txt (text/plain) in CBT.V504.FILE558.PDS, moved to PDS/SCANVRBL
2023-04-03 01:09:15.999308 - Found SCANXREF.txt (text/plain) in CBT.V504.FILE558.PDS, moved to PDS/SCANXREF
2023-04-03 01:09:16.000293 - Found SHUFFLE.txt (text/plain) in CBT.V504.FILE558.PDS, moved to PDS/SHUFFLE
2023-04-03 01:09:16.001266 - Found SKELETON.txt (text/plain) in CBT.V504.FILE558.PDS, moved to PDS/SKELETON
2023-04-03 01:09:16.002196 - Found SMFABNDS.txt (text/plain) in CBT.V504.FILE558.PDS, moved to PDS/SMFABNDS
2023-04-03 01:09:16.003249 - Found SMFCOUNT.txt (text/plain) in CBT.V504.FILE558.PDS, moved to PDS/SMFCOUNT
2023-04-03 01:09:16.004239 - Found SMFDSNAM.txt (text/plain) in CBT.V504.FILE558.PDS, moved to PDS/SMFDSNAM
2023-04-03 01:09:16.005202 - Found SMFDSNM1.txt (text/plain) in CBT.V504.FILE558.PDS, moved to PDS/SMFDSNM1
2023-04-03 01:09:16.006136 - Found SMFDSNM2.txt (text/plain) in CBT.V504.FILE558.PDS, moved to PDS/SMFDSNM2
2023-04-03 01:09:16.007187 - Found SMFDSNV1.txt (text/plain) in CBT.V504.FILE558.PDS, moved to PDS/SMFDSNV1
2023-04-03 01:09:16.008302 - Found SMFPRINT.txt (text/plain) in CBT.V504.FILE558.PDS, moved to PDS/SMFPRINT
2023-04-03 01:09:16.009291 - Found SMFPRT30.txt (text/plain) in CBT.V504.FILE558.PDS, moved to PDS/SMFPRT30
2023-04-03 01:09:16.010352 - Found SMFREAD.txt (text/plain) in CBT.V504.FILE558.PDS, moved to PDS/SMFREAD
2023-04-03 01:09:16.011476 - Found SMFSTEPT.txt (text/plain) in CBT.V504.FILE558.PDS, moved to PDS/SMFSTEPT
2023-04-03 01:09:16.012567 - Found SMFSTEP2.txt (text/plain) in CBT.V504.FILE558.PDS, moved to PDS/SMFSTEP2
2023-04-03 01:09:16.013589 - Found SMFSTEP3.txt (text/plain) in CBT.V504.FILE558.PDS, moved to PDS/SMFSTEP3
2023-04-03 01:09:16.014754 - Found SMFSTEP4.txt (text/plain) in CBT.V504.FILE558.PDS, moved to PDS/SMFSTEP4
2023-04-03 01:09:16.015846 - Found SMFSTRIP.txt (text/plain) in CBT.V504.FILE558.PDS, moved to PDS/SMFSTRIP
2023-04-03 01:09:16.016871 - Found SMFSTR14.txt (text/plain) in CBT.V504.FILE558.PDS, moved to PDS/SMFSTR14
2023-04-03 01:09:16.018029 - Found SMFSTR30.txt (text/plain) in CBT.V504.FILE558.PDS, moved to PDS/SMFSTR30
2023-04-03 01:09:16.019077 - Found SMFSTR64.txt (text/plain) in CBT.V504.FILE558.PDS, moved to PDS/SMFSTR64
2023-04-03 01:09:16.020110 - Found SMFTSO.txt (text/plain) in CBT.V504.FILE558.PDS, moved to PDS/SMFTSO
2023-04-03 01:09:16.021101 - Found SMODE.txt (text/plain) in CBT.V504.FILE558.PDS, moved to PDS/SMODE
2023-04-03 01:09:16.022038 - Found SQUEZE80.txt (text/plain) in CBT.V504.FILE558.PDS, moved to PDS/SQUEZE80
2023-04-03 01:09:16.023160 - Found STAGE1IO.txt (text/plain) in CBT.V504.FILE558.PDS, moved to PDS/STAGE1IO
2023-04-03 01:09:16.024225 - Found STAGE2IO.txt (text/plain) in CBT.V504.FILE558.PDS, moved to PDS/STAGE2IO
2023-04-03 01:09:16.025255 - Found STIMER.txt (text/plain) in CBT.V504.FILE558.PDS, moved to PDS/STIMER
2023-04-03 01:09:16.026258 - Found STORCREG.txt (text/plain) in CBT.V504.FILE558.PDS, moved to PDS/STORCREG
2023-04-03 01:09:16.027228 - Found STRIP.txt (text/plain) in CBT.V504.FILE558.PDS, moved to PDS/STRIP
2023-04-03 01:09:16.028272 - Found STRIPEDG.txt (text/plain) in CBT.V504.FILE558.PDS, moved to PDS/STRIPEDG
2023-04-03 01:09:16.029230 - Found STRIPLID.txt (text/plain) in CBT.V504.FILE558.PDS, moved to PDS/STRIPLID
2023-04-03 01:09:16.030182 - Found SVCDEXTR.txt (text/plain) in CBT.V504.FILE558.PDS, moved to PDS/SVCDEXTR
2023-04-03 01:09:16.031128 - Found SVCDMERG.txt (text/plain) in CBT.V504.FILE558.PDS, moved to PDS/SVCDMERG
2023-04-03 01:09:16.032143 - Found SVCDREFM.txt (text/plain) in CBT.V504.FILE558.PDS, moved to PDS/SVCDREFM
2023-04-03 01:09:16.033164 - Found SVCDREF1.txt (text/plain) in CBT.V504.FILE558.PDS, moved to PDS/SVCDREF1
2023-04-03 01:09:16.034220 - Found SVCDREF2.txt (text/plain) in CBT.V504.FILE558.PDS, moved to PDS/SVCDREF2
2023-04-03 01:09:16.034230 - Found SVLNK.bin containing application/octet-stream, moved to PDS/SVLNK
2023-04-03 01:09:16.036307 - Found TAPEHEAD.txt (text/plain) in CBT.V504.FILE558.PDS, moved to PDS/TAPEHEAD
2023-04-03 01:09:16.037489 - Found TAPESCAN.txt (text/plain) in CBT.V504.FILE558.PDS, moved to PDS/TAPESCAN
2023-04-03 01:09:16.038429 - Found TCREPRT.txt (text/plain) in CBT.V504.FILE558.PDS, moved to PDS/TCREPRT
2023-04-03 01:09:16.039410 - Found TEST.txt (text/plain) in CBT.V504.FILE558.PDS, moved to PDS/TEST
2023-04-03 01:09:16.040437 - Found TGET.txt (text/plain) in CBT.V504.FILE558.PDS, moved to PDS/TGET
2023-04-03 01:09:16.041570 - Found TIME.txt (text/plain) in CBT.V504.FILE558.PDS, moved to PDS/TIME
2023-04-03 01:09:16.042618 - Found TIMECOMP.txt (text/plain) in CBT.V504.FILE558.PDS, moved to PDS/TIMECOMP
2023-04-03 01:09:16.043760 - Found TIMECONV.txt (text/plain) in CBT.V504.FILE558.PDS, moved to PDS/TIMECONV
2023-04-03 01:09:16.044771 - Found TPUT.txt (text/plain) in CBT.V504.FILE558.PDS, moved to PDS/TPUT
2023-04-03 01:09:16.046060 - Found TRACEDT.txt (text/plain) in CBT.V504.FILE558.PDS, moved to PDS/TRACEDT
2023-04-03 01:09:16.047112 - Found TRACEOFF.txt (text/plain) in CBT.V504.FILE558.PDS, moved to PDS/TRACEOFF
2023-04-03 01:09:16.048115 - Found TRACEON.txt (text/plain) in CBT.V504.FILE558.PDS, moved to PDS/TRACEON
2023-04-03 01:09:16.049557 - Found TSODUMP.txt (text/plain) in CBT.V504.FILE558.PDS, moved to PDS/TSODUMP
2023-04-03 01:09:16.050614 - Found UCB.txt (text/plain) in CBT.V504.FILE558.PDS, moved to PDS/UCB
2023-04-03 01:09:16.051639 - Found UCBLKUP.txt (text/plain) in CBT.V504.FILE558.PDS, moved to PDS/UCBLKUP
2023-04-03 01:09:16.052547 - Found UCBLOOK.txt (text/plain) in CBT.V504.FILE558.PDS, moved to PDS/UCBLOOK
2023-04-03 01:09:16.053478 - Found UCBREPRT.txt (text/plain) in CBT.V504.FILE558.PDS, moved to PDS/UCBREPRT
2023-04-03 01:09:16.054352 - Found UCBSCAN.txt (text/plain) in CBT.V504.FILE558.PDS, moved to PDS/UCBSCAN
2023-04-03 01:09:16.055291 - Found UCBSRCH.txt (text/plain) in CBT.V504.FILE558.PDS, moved to PDS/UCBSRCH
2023-04-03 01:09:16.056341 - Found UNIQUE.txt (text/plain) in CBT.V504.FILE558.PDS, moved to PDS/UNIQUE
2023-04-03 01:09:16.057258 - Found UNSQUZ80.txt (text/plain) in CBT.V504.FILE558.PDS, moved to PDS/UNSQUZ80
2023-04-03 01:09:16.058148 - Found UPDMEM.txt (text/plain) in CBT.V504.FILE558.PDS, moved to PDS/UPDMEM
2023-04-03 01:09:16.059146 - Found UPDTLMOD.txt (text/plain) in CBT.V504.FILE558.PDS, moved to PDS/UPDTLMOD
2023-04-03 01:09:16.060107 - Found USECPU.txt (text/plain) in CBT.V504.FILE558.PDS, moved to PDS/USECPU
2023-04-03 01:09:16.061444 - Found USERABND.txt (text/plain) in CBT.V504.FILE558.PDS, moved to PDS/USERABND
2023-04-03 01:09:16.062408 - Found VBSCHECK.txt (text/plain) in CBT.V504.FILE558.PDS, moved to PDS/VBSCHECK
2023-04-03 01:09:16.063712 - Found VERCSECT.txt (text/plain) in CBT.V504.FILE558.PDS, moved to PDS/VERCSECT
2023-04-03 01:09:16.064681 - Found VERLDMOD.txt (text/plain) in CBT.V504.FILE558.PDS, moved to PDS/VERLDMOD
2023-04-03 01:09:16.065718 - Found VOLFILE.txt (text/plain) in CBT.V504.FILE558.PDS, moved to PDS/VOLFILE
2023-04-03 01:09:16.066734 - Found VOLLIST2.txt (text/plain) in CBT.V504.FILE558.PDS, moved to PDS/VOLLIST2
2023-04-03 01:09:16.067640 - Found VOLSPACE.txt (text/plain) in CBT.V504.FILE558.PDS, moved to PDS/VOLSPACE
2023-04-03 01:09:16.068542 - Found VOLSPOLD.txt (text/plain) in CBT.V504.FILE558.PDS, moved to PDS/VOLSPOLD
2023-04-03 01:09:16.069461 - Found VRNDUPDT.txt (text/plain) in CBT.V504.FILE558.PDS, moved to PDS/VRNDUPDT
2023-04-03 01:09:16.070345 - Found VSAMFILE.txt (text/plain) in CBT.V504.FILE558.PDS, moved to PDS/VSAMFILE
2023-04-03 01:09:16.071503 - Found VSAMHIST.txt (text/plain) in CBT.V504.FILE558.PDS, moved to PDS/VSAMHIST
2023-04-03 01:09:16.072481 - Found VTOCDATA.txt (text/plain) in CBT.V504.FILE558.PDS, moved to PDS/VTOCDATA
2023-04-03 01:09:16.073374 - Found VTOCDSVL.txt (text/plain) in CBT.V504.FILE558.PDS, moved to PDS/VTOCDSVL
2023-04-03 01:09:16.074287 - Found VTOCLISG.txt (text/plain) in CBT.V504.FILE558.PDS, moved to PDS/VTOCLISG
2023-04-03 01:09:16.075360 - Found VTOCLIST.txt (text/plain) in CBT.V504.FILE558.PDS, moved to PDS/VTOCLIST
2023-04-03 01:09:16.076464 - Found VTOCPRNT.txt (text/plain) in CBT.V504.FILE558.PDS, moved to PDS/VTOCPRNT
2023-04-03 01:09:16.077824 - Found VTOCSTRP.txt (text/plain) in CBT.V504.FILE558.PDS, moved to PDS/VTOCSTRP
2023-04-03 01:09:16.078930 - Found WAITASEC.txt (text/plain) in CBT.V504.FILE558.PDS, moved to PDS/WAITASEC
2023-04-03 01:09:16.080307 - Found WAIT5MIN.txt (text/plain) in CBT.V504.FILE558.PDS, moved to PDS/WAIT5MIN
2023-04-03 01:09:16.081432 - Found WHERE.txt (text/plain) in CBT.V504.FILE558.PDS, moved to PDS/WHERE
2023-04-03 01:09:16.082600 - Found WHEREAMI.txt (text/plain) in CBT.V504.FILE558.PDS, moved to PDS/WHEREAMI
2023-04-03 01:09:16.083743 - Found WRITEKL.txt (text/plain) in CBT.V504.FILE558.PDS, moved to PDS/WRITEKL
2023-04-03 01:09:16.084725 - Found WTOEXP.txt (text/plain) in CBT.V504.FILE558.PDS, moved to PDS/WTOEXP
2023-04-03 01:09:16.085763 - Found WTOEXP1.txt (text/plain) in CBT.V504.FILE558.PDS, moved to PDS/WTOEXP1
2023-04-03 01:09:16.086816 - Found WTOHI.txt (text/plain) in CBT.V504.FILE558.PDS, moved to PDS/WTOHI
2023-04-03 01:09:16.087986 - Found WTOLO.txt (text/plain) in CBT.V504.FILE558.PDS, moved to PDS/WTOLO
2023-04-03 01:09:16.089016 - Found WTOPGMR.txt (text/plain) in CBT.V504.FILE558.PDS, moved to PDS/WTOPGMR
2023-04-03 01:09:16.090100 - Found WTOREGS.txt (text/plain) in CBT.V504.FILE558.PDS, moved to PDS/WTOREGS
2023-04-03 01:09:16.091163 - Found WTORTEST.txt (text/plain) in CBT.V504.FILE558.PDS, moved to PDS/WTORTEST
2023-04-03 01:09:16.092342 - Found XMEM.txt (text/plain) in CBT.V504.FILE558.PDS, moved to PDS/XMEM
2023-04-03 01:09:16.093342 - Found XMEMGET.txt (text/plain) in CBT.V504.FILE558.PDS, moved to PDS/XMEMGET
2023-04-03 01:09:16.094380 - Found XMEMTEST.txt (text/plain) in CBT.V504.FILE558.PDS, moved to PDS/XMEMTEST
2023-04-03 01:09:16.095392 - Found XPRNT.txt (text/plain) in CBT.V504.FILE558.PDS, moved to PDS/XPRNT
2023-04-03 01:09:16.096385 - Found XREAD.txt (text/plain) in CBT.V504.FILE558.PDS, moved to PDS/XREAD
2023-04-03 01:09:16.097392 - Found XWHERE.txt (text/plain) in CBT.V504.FILE558.PDS, moved to PDS/XWHERE
